PRT1
176
322
4 0 2 (-2048 10240 -3072 ) (-2048 10240 2112 ) (-2048 10480 2112 ) (-2048 10480 -3072 ) 
4 0 1 (-1024 10240 -3072 ) (-1024 10240 2112 ) (-2048 10240 2112 ) (-2048 10240 -3072 ) 
4 1 8 (-1024 9216 -3072 ) (-1024 9216 2112 ) (-2048 9216 2112 ) (-2048 9216 -3072 ) 
4 1 3 (-2048 9216 -3072 ) (-2048 9216 2112 ) (-2048 10240 2112 ) (-2048 10240 -3072 ) 
4 2 4 (-3072 10240 -3072 ) (-3072 10240 2112 ) (-3072 10480 2112 ) (-3072 10480 -3072 ) 
4 2 3 (-2048 10240 -3072 ) (-2048 10240 2112 ) (-3072 10240 2112 ) (-3072 10240 -3072 ) 
4 3 11 (-2048 9216 -3072 ) (-2048 9216 2112 ) (-3072 9216 2112 ) (-3072 9216 -3072 ) 
4 3 6 (-3072 9216 -3072 ) (-3072 9216 2112 ) (-3072 10240 2112 ) (-3072 10240 -3072 ) 
4 4 6 (-3072 10240 -3072 ) (-3072 10240 2112 ) (-4096 10240 2112 ) (-4096 10240 -3072 ) 
4 4 5 (-4096 10240 -3072 ) (-4096 10240 2112 ) (-4096 10480 2112 ) (-4096 10480 -3072 ) 
4 5 20 (-5120 10240 -3072 ) (-5120 10240 2112 ) (-5120 10480 2112 ) (-5120 10480 -3072 ) 
4 5 7 (-4096 10240 -3072 ) (-4096 10240 2112 ) (-5120 10240 2112 ) (-5120 10240 -3072 ) 
4 6 12 (-3072 9216 -3072 ) (-3072 9216 2112 ) (-4096 9216 2112 ) (-4096 9216 -3072 ) 
4 6 7 (-4096 10240 2112 ) (-4096 10240 -3072 ) (-4096 9216 -3072 ) (-4096 9216 2112 ) 
4 7 21 (-5120 9216 -3072 ) (-5120 9216 2112 ) (-5120 10240 2112 ) (-5120 10240 -3072 ) 
4 7 13 (-4096 9216 -3072 ) (-4096 9216 2112 ) (-5120 9216 2112 ) (-5120 9216 -3072 ) 
4 8 11 (-2048 9216 2112 ) (-2048 9216 -3072 ) (-2048 8192 -3072 ) (-2048 8192 2112 ) 
4 8 9 (-1024 8192 -3072 ) (-1024 8192 2112 ) (-2048 8192 2112 ) (-2048 8192 -3072 ) 
4 9 14 (-2048 7168 -3072 ) (-2048 7168 2112 ) (-2048 8192 2112 ) (-2048 8192 -3072 ) 
4 9 10 (-1024 7168 -3072 ) (-1024 7168 2112 ) (-2048 7168 2112 ) (-2048 7168 -3072 ) 
4 10 40 (-1024 6144 -3072 ) (-1024 6144 2112 ) (-2048 6144 2112 ) (-2048 6144 -3072 ) 
4 10 15 (-2048 6144 -3072 ) (-2048 6144 2112 ) (-2048 7168 2112 ) (-2048 7168 -3072 ) 
4 11 14 (-2048 8192 -3072 ) (-2048 8192 2112 ) (-3072 8192 2112 ) (-3072 8192 -3072 ) 
4 11 12 (-3072 9216 2112 ) (-3072 9216 -3072 ) (-3072 8192 -3072 ) (-3072 8192 2112 ) 
4 12 16 (-3072 8192 -3072 ) (-3072 8192 2112 ) (-4096 8192 2112 ) (-4096 8192 -3072 ) 
4 12 13 (-4096 8192 -3072 ) (-4096 8192 2112 ) (-4096 9216 2112 ) (-4096 9216 -3072 ) 
4 13 28 (-5120 8192 -3072 ) (-5120 8192 2112 ) (-5120 9216 2112 ) (-5120 9216 -3072 ) 
4 13 17 (-4096 8192 -3072 ) (-4096 8192 2112 ) (-5120 8192 2112 ) (-5120 8192 -3072 ) 
4 14 16 (-3072 8192 2112 ) (-3072 8192 -3072 ) (-3072 7168 -3072 ) (-3072 7168 2112 ) 
4 14 15 (-2048 7168 -3072 ) (-2048 7168 2112 ) (-3072 7168 2112 ) (-3072 7168 -3072 ) 
4 15 43 (-2048 6144 -3072 ) (-2048 6144 2112 ) (-3072 6144 2112 ) (-3072 6144 -3072 ) 
4 15 18 (-3072 6144 -3072 ) (-3072 6144 2112 ) (-3072 7168 2112 ) (-3072 7168 -3072 ) 
4 16 18 (-3072 7168 -3072 ) (-3072 7168 2112 ) (-4096 7168 2112 ) (-4096 7168 -3072 ) 
4 16 17 (-4096 8192 2112 ) (-4096 8192 -3072 ) (-4096 7168 -3072 ) (-4096 7168 2112 ) 
4 17 31 (-5120 7168 -3072 ) (-5120 7168 2112 ) (-5120 8192 2112 ) (-5120 8192 -3072 ) 
4 17 19 (-4096 7168 -3072 ) (-4096 7168 2112 ) (-5120 7168 2112 ) (-5120 7168 -3072 ) 
4 18 44 (-3072 6144 -3072 ) (-3072 6144 2112 ) (-4096 6144 2112 ) (-4096 6144 -3072 ) 
4 18 19 (-4096 7168 2112 ) (-4096 7168 -3072 ) (-4096 6144 -3072 ) (-4096 6144 2112 ) 
4 19 45 (-4096 6144 -3072 ) (-4096 6144 2112 ) (-5120 6144 2112 ) (-5120 6144 -3072 ) 
4 19 32 (-5120 6144 -3072 ) (-5120 6144 2112 ) (-5120 7168 2112 ) (-5120 7168 -3072 ) 
4 20 22 (-6144 10240 -3072 ) (-6144 10240 2112 ) (-6144 10480 2112 ) (-6144 10480 -3072 ) 
4 20 21 (-5120 10240 -3072 ) (-5120 10240 2112 ) (-6144 10240 2112 ) (-6144 10240 -3072 ) 
4 21 28 (-5120 9216 -3072 ) (-5120 9216 2112 ) (-6144 9216 2112 ) (-6144 9216 -3072 ) 
4 21 24 (-6144 9216 -3072 ) (-6144 9216 2112 ) (-6144 10240 2112 ) (-6144 10240 -3072 ) 
4 22 24 (-6144 10240 -3072 ) (-6144 10240 2112 ) (-7168 10240 2112 ) (-7168 10240 -3072 ) 
4 22 23 (-7168 10240 -3072 ) (-7168 10240 2112 ) (-7168 10480 2112 ) (-7168 10480 -3072 ) 
4 23 26 (-8192 10240 -3072 ) (-8192 10240 2112 ) (-8192 10480 2112 ) (-8192 10480 -3072 ) 
4 23 25 (-7168 10240 -3072 ) (-7168 10240 2112 ) (-8192 10240 2112 ) (-8192 10240 -3072 ) 
4 24 29 (-6144 9216 -3072 ) (-6144 9216 2112 ) (-7168 9216 2112 ) (-7168 9216 -3072 ) 
4 24 25 (-7168 10240 2112 ) (-7168 10240 -3072 ) (-7168 9216 -3072 ) (-7168 9216 2112 ) 
4 25 30 (-7168 9216 -3072 ) (-7168 9216 2112 ) (-8192 9216 2112 ) (-8192 9216 -3072 ) 
4 25 27 (-8192 9216 -3072 ) (-8192 9216 2112 ) (-8192 10240 2112 ) (-8192 10240 -3072 ) 
4 26 27 (-8192 10240 -3072 ) (-8192 10240 2112 ) (-9216 10240 2112 ) (-9216 10240 -3072 ) 
4 27 37 (-8192 9216 -3072 ) (-8192 9216 2112 ) (-9216 9216 2112 ) (-9216 9216 -3072 ) 
4 28 31 (-5120 8192 -3072 ) (-5120 8192 2112 ) (-6144 8192 2112 ) (-6144 8192 -3072 ) 
4 28 29 (-6144 9216 2112 ) (-6144 9216 -3072 ) (-6144 8192 -3072 ) (-6144 8192 2112 ) 
4 29 33 (-6144 8192 -3072 ) (-6144 8192 2112 ) (-7168 8192 2112 ) (-7168 8192 -3072 ) 
4 29 30 (-7168 8192 -3072 ) (-7168 8192 2112 ) (-7168 9216 2112 ) (-7168 9216 -3072 ) 
4 30 37 (-8192 9216 2112 ) (-8192 9216 -3072 ) (-8192 8192 -3072 ) (-8192 8192 2112 ) 
4 30 34 (-7168 8192 -3072 ) (-7168 8192 2112 ) (-8192 8192 2112 ) (-8192 8192 -3072 ) 
4 31 33 (-6144 8192 2112 ) (-6144 8192 -3072 ) (-6144 7168 -3072 ) (-6144 7168 2112 ) 
4 31 32 (-5120 7168 -3072 ) (-5120 7168 2112 ) (-6144 7168 2112 ) (-6144 7168 -3072 ) 
4 32 64 (-5120 6144 -3072 ) (-5120 6144 2112 ) (-6144 6144 2112 ) (-6144 6144 -3072 ) 
4 32 35 (-6144 6144 -3072 ) (-6144 6144 2112 ) (-6144 7168 2112 ) (-6144 7168 -3072 ) 
4 33 35 (-6144 7168 -3072 ) (-6144 7168 2112 ) (-7168 7168 2112 ) (-7168 7168 -3072 ) 
4 33 34 (-7168 8192 2112 ) (-7168 8192 -3072 ) (-7168 7168 -3072 ) (-7168 7168 2112 ) 
4 34 38 (-8192 7168 -3072 ) (-8192 7168 2112 ) (-8192 8192 2112 ) (-8192 8192 -3072 ) 
4 34 36 (-7168 7168 -3072 ) (-7168 7168 2112 ) (-8192 7168 2112 ) (-8192 7168 -3072 ) 
4 35 65 (-6144 6144 -3072 ) (-6144 6144 2112 ) (-7168 6144 2112 ) (-7168 6144 -3072 ) 
4 35 36 (-7168 7168 2112 ) (-7168 7168 -3072 ) (-7168 6144 -3072 ) (-7168 6144 2112 ) 
4 36 66 (-7168 6144 -3072 ) (-7168 6144 2112 ) (-8192 6144 2112 ) (-8192 6144 -3072 ) 
4 36 39 (-8192 6144 -3072 ) (-8192 6144 2112 ) (-8192 7168 2112 ) (-8192 7168 -3072 ) 
4 37 38 (-8192 8192 -3072 ) (-8192 8192 2112 ) (-9216 8192 2112 ) (-9216 8192 -3072 ) 
4 38 39 (-8192 7168 -3072 ) (-8192 7168 2112 ) (-9216 7168 2112 ) (-9216 7168 -3072 ) 
4 39 73 (-8192 6144 -3072 ) (-8192 6144 2112 ) (-9216 6144 2112 ) (-9216 6144 -3072 ) 
4 40 43 (-2048 6144 2112 ) (-2048 6144 -3072 ) (-2048 5120 -3072 ) (-2048 5120 2112 ) 
4 40 41 (-1024 5120 -3072 ) (-1024 5120 2112 ) (-2048 5120 2112 ) (-2048 5120 -3072 ) 
4 41 46 (-2048 4096 -3072 ) (-2048 4096 2112 ) (-2048 5120 2112 ) (-2048 5120 -3072 ) 
4 41 42 (-1024 4096 -3072 ) (-1024 4096 2112 ) (-2048 4096 2112 ) (-2048 4096 -3072 ) 
4 42 52 (-1024 3072 -3072 ) (-1024 3072 2112 ) (-2048 3072 2112 ) (-2048 3072 -3072 ) 
4 42 47 (-2048 3072 -3072 ) (-2048 3072 2112 ) (-2048 4096 2112 ) (-2048 4096 -3072 ) 
4 43 46 (-2048 5120 -3072 ) (-2048 5120 2112 ) (-3072 5120 2112 ) (-3072 5120 -3072 ) 
4 43 44 (-3072 6144 2112 ) (-3072 6144 -3072 ) (-3072 5120 -3072 ) (-3072 5120 2112 ) 
4 44 48 (-3072 5120 -3072 ) (-3072 5120 2112 ) (-4096 5120 2112 ) (-4096 5120 -3072 ) 
4 44 45 (-4096 5120 -3072 ) (-4096 5120 2112 ) (-4096 6144 2112 ) (-4096 6144 -3072 ) 
4 45 64 (-5120 6144 2112 ) (-5120 6144 -3072 ) (-5120 5120 -3072 ) (-5120 5120 2112 ) 
4 45 49 (-4096 5120 -3072 ) (-4096 5120 2112 ) (-5120 5120 2112 ) (-5120 5120 -3072 ) 
4 46 48 (-3072 5120 2112 ) (-3072 5120 -3072 ) (-3072 4096 -3072 ) (-3072 4096 2112 ) 
4 46 47 (-2048 4096 -3072 ) (-2048 4096 2112 ) (-3072 4096 2112 ) (-3072 4096 -3072 ) 
4 47 55 (-2048 3072 -3072 ) (-2048 3072 2112 ) (-3072 3072 2112 ) (-3072 3072 -3072 ) 
4 47 50 (-3072 3072 -3072 ) (-3072 3072 2112 ) (-3072 4096 2112 ) (-3072 4096 -3072 ) 
4 48 50 (-3072 4096 -3072 ) (-3072 4096 2112 ) (-4096 4096 2112 ) (-4096 4096 -3072 ) 
4 48 49 (-4096 5120 2112 ) (-4096 5120 -3072 ) (-4096 4096 -3072 ) (-4096 4096 2112 ) 
4 49 67 (-5120 4096 -3072 ) (-5120 4096 2112 ) (-5120 5120 2112 ) (-5120 5120 -3072 ) 
4 49 51 (-4096 4096 -3072 ) (-4096 4096 2112 ) (-5120 4096 2112 ) (-5120 4096 -3072 ) 
4 50 56 (-3072 3072 -3072 ) (-3072 3072 2112 ) (-4096 3072 2112 ) (-4096 3072 -3072 ) 
4 50 51 (-4096 4096 2112 ) (-4096 4096 -3072 ) (-4096 3072 -3072 ) (-4096 3072 2112 ) 
4 51 68 (-5120 3072 -3072 ) (-5120 3072 2112 ) (-5120 4096 2112 ) (-5120 4096 -3072 ) 
4 51 57 (-4096 3072 -3072 ) (-4096 3072 2112 ) (-5120 3072 2112 ) (-5120 3072 -3072 ) 
4 52 55 (-2048 3072 2112 ) (-2048 3072 -3072 ) (-2048 2048 -3072 ) (-2048 2048 2112 ) 
4 52 53 (-1024 2048 -3072 ) (-1024 2048 2112 ) (-2048 2048 2112 ) (-2048 2048 -3072 ) 
4 53 58 (-2048 1024 -3072 ) (-2048 1024 2112 ) (-2048 2048 2112 ) (-2048 2048 -3072 ) 
4 53 54 (-1024 1024 -3072 ) (-1024 1024 2112 ) (-2048 1024 2112 ) (-2048 1024 -3072 ) 
4 54 88 (-1024 0 -3072 ) (-1024 0 2112 ) (-2048 0 2112 ) (-2048 0 -3072 ) 
4 54 59 (-2048 0 -3072 ) (-2048 0 2112 ) (-2048 1024 2112 ) (-2048 1024 -3072 ) 
4 55 58 (-2048 2048 -3072 ) (-2048 2048 2112 ) (-3072 2048 2112 ) (-3072 2048 -3072 ) 
4 55 56 (-3072 3072 2112 ) (-3072 3072 -3072 ) (-3072 2048 -3072 ) (-3072 2048 2112 ) 
4 56 60 (-3072 2048 -3072 ) (-3072 2048 2112 ) (-4096 2048 2112 ) (-4096 2048 -3072 ) 
4 56 57 (-4096 2048 -3072 ) (-4096 2048 2112 ) (-4096 3072 2112 ) (-4096 3072 -3072 ) 
4 57 76 (-5120 2048 -3072 ) (-5120 2048 2112 ) (-5120 3072 2112 ) (-5120 3072 -3072 ) 
4 57 61 (-4096 2048 -3072 ) (-4096 2048 2112 ) (-5120 2048 2112 ) (-5120 2048 -3072 ) 
4 58 60 (-3072 2048 2112 ) (-3072 2048 -3072 ) (-3072 1024 -3072 ) (-3072 1024 2112 ) 
4 58 59 (-2048 1024 -3072 ) (-2048 1024 2112 ) (-3072 1024 2112 ) (-3072 1024 -3072 ) 
4 59 91 (-2048 0 -3072 ) (-2048 0 2112 ) (-3072 0 2112 ) (-3072 0 -3072 ) 
4 59 62 (-3072 0 -3072 ) (-3072 0 2112 ) (-3072 1024 2112 ) (-3072 1024 -3072 ) 
4 60 62 (-3072 1024 -3072 ) (-3072 1024 2112 ) (-4096 1024 2112 ) (-4096 1024 -3072 ) 
4 60 61 (-4096 2048 2112 ) (-4096 2048 -3072 ) (-4096 1024 -3072 ) (-4096 1024 2112 ) 
4 61 79 (-5120 1024 -3072 ) (-5120 1024 2112 ) (-5120 2048 2112 ) (-5120 2048 -3072 ) 
4 61 63 (-4096 1024 -3072 ) (-4096 1024 2112 ) (-5120 1024 2112 ) (-5120 1024 -3072 ) 
4 62 92 (-3072 0 -3072 ) (-3072 0 2112 ) (-4096 0 2112 ) (-4096 0 -3072 ) 
4 62 63 (-4096 1024 2112 ) (-4096 1024 -3072 ) (-4096 0 -3072 ) (-4096 0 2112 ) 
4 63 93 (-4096 0 -3072 ) (-4096 0 2112 ) (-5120 0 2112 ) (-5120 0 -3072 ) 
4 63 80 (-5120 0 -3072 ) (-5120 0 2112 ) (-5120 1024 2112 ) (-5120 1024 -3072 ) 
4 64 67 (-5120 5120 -3072 ) (-5120 5120 2112 ) (-6144 5120 2112 ) (-6144 5120 -3072 ) 
4 64 65 (-6144 6144 2112 ) (-6144 6144 -3072 ) (-6144 5120 -3072 ) (-6144 5120 2112 ) 
4 65 69 (-6144 5120 -3072 ) (-6144 5120 2112 ) (-7168 5120 2112 ) (-7168 5120 -3072 ) 
4 65 66 (-7168 5120 -3072 ) (-7168 5120 2112 ) (-7168 6144 2112 ) (-7168 6144 -3072 ) 
4 66 73 (-8192 6144 2112 ) (-8192 6144 -3072 ) (-8192 5120 -3072 ) (-8192 5120 2112 ) 
4 66 70 (-7168 5120 -3072 ) (-7168 5120 2112 ) (-8192 5120 2112 ) (-8192 5120 -3072 ) 
4 67 69 (-6144 5120 2112 ) (-6144 5120 -3072 ) (-6144 4096 -3072 ) (-6144 4096 2112 ) 
4 67 68 (-5120 4096 -3072 ) (-5120 4096 2112 ) (-6144 4096 2112 ) (-6144 4096 -3072 ) 
4 68 76 (-5120 3072 -3072 ) (-5120 3072 2112 ) (-6144 3072 2112 ) (-6144 3072 -3072 ) 
4 68 71 (-6144 3072 -3072 ) (-6144 3072 2112 ) (-6144 4096 2112 ) (-6144 4096 -3072 ) 
4 69 71 (-6144 4096 -3072 ) (-6144 4096 2112 ) (-7168 4096 2112 ) (-7168 4096 -3072 ) 
4 69 70 (-7168 5120 2112 ) (-7168 5120 -3072 ) (-7168 4096 -3072 ) (-7168 4096 2112 ) 
4 70 74 (-8192 4096 -3072 ) (-8192 4096 2112 ) (-8192 5120 2112 ) (-8192 5120 -3072 ) 
4 70 72 (-7168 4096 -3072 ) (-7168 4096 2112 ) (-8192 4096 2112 ) (-8192 4096 -3072 ) 
4 71 77 (-6144 3072 -3072 ) (-6144 3072 2112 ) (-7168 3072 2112 ) (-7168 3072 -3072 ) 
4 71 72 (-7168 4096 2112 ) (-7168 4096 -3072 ) (-7168 3072 -3072 ) (-7168 3072 2112 ) 
4 72 78 (-7168 3072 -3072 ) (-7168 3072 2112 ) (-8192 3072 2112 ) (-8192 3072 -3072 ) 
4 72 75 (-8192 3072 -3072 ) (-8192 3072 2112 ) (-8192 4096 2112 ) (-8192 4096 -3072 ) 
4 73 74 (-8192 5120 -3072 ) (-8192 5120 2112 ) (-9216 5120 2112 ) (-9216 5120 -3072 ) 
4 74 75 (-8192 4096 -3072 ) (-8192 4096 2112 ) (-9216 4096 2112 ) (-9216 4096 -3072 ) 
4 75 85 (-8192 3072 -3072 ) (-8192 3072 2112 ) (-9216 3072 2112 ) (-9216 3072 -3072 ) 
4 76 79 (-5120 2048 -3072 ) (-5120 2048 2112 ) (-6144 2048 2112 ) (-6144 2048 -3072 ) 
4 76 77 (-6144 3072 2112 ) (-6144 3072 -3072 ) (-6144 2048 -3072 ) (-6144 2048 2112 ) 
4 77 81 (-6144 2048 -3072 ) (-6144 2048 2112 ) (-7168 2048 2112 ) (-7168 2048 -3072 ) 
4 77 78 (-7168 2048 -3072 ) (-7168 2048 2112 ) (-7168 3072 2112 ) (-7168 3072 -3072 ) 
4 78 85 (-8192 3072 2112 ) (-8192 3072 -3072 ) (-8192 2048 -3072 ) (-8192 2048 2112 ) 
4 78 82 (-7168 2048 -3072 ) (-7168 2048 2112 ) (-8192 2048 2112 ) (-8192 2048 -3072 ) 
4 79 81 (-6144 2048 2112 ) (-6144 2048 -3072 ) (-6144 1024 -3072 ) (-6144 1024 2112 ) 
4 79 80 (-5120 1024 -3072 ) (-5120 1024 2112 ) (-6144 1024 2112 ) (-6144 1024 -3072 ) 
4 80 112 (-5120 0 -3072 ) (-5120 0 2112 ) (-6144 0 2112 ) (-6144 0 -3072 ) 
4 80 83 (-6144 0 -3072 ) (-6144 0 2112 ) (-6144 1024 2112 ) (-6144 1024 -3072 ) 
4 81 83 (-6144 1024 -3072 ) (-6144 1024 2112 ) (-7168 1024 2112 ) (-7168 1024 -3072 ) 
4 81 82 (-7168 2048 2112 ) (-7168 2048 -3072 ) (-7168 1024 -3072 ) (-7168 1024 2112 ) 
4 82 86 (-8192 1024 -3072 ) (-8192 1024 2112 ) (-8192 2048 2112 ) (-8192 2048 -3072 ) 
4 82 84 (-7168 1024 -3072 ) (-7168 1024 2112 ) (-8192 1024 2112 ) (-8192 1024 -3072 ) 
4 83 113 (-6144 0 -3072 ) (-6144 0 2112 ) (-7168 0 2112 ) (-7168 0 -3072 ) 
4 83 84 (-7168 1024 2112 ) (-7168 1024 -3072 ) (-7168 0 -3072 ) (-7168 0 2112 ) 
4 84 114 (-7168 0 -3072 ) (-7168 0 2112 ) (-8192 0 2112 ) (-8192 0 -3072 ) 
4 84 87 (-8192 0 -3072 ) (-8192 0 2112 ) (-8192 1024 2112 ) (-8192 1024 -3072 ) 
4 85 86 (-8192 2048 -3072 ) (-8192 2048 2112 ) (-9216 2048 2112 ) (-9216 2048 -3072 ) 
4 86 87 (-8192 1024 -3072 ) (-8192 1024 2112 ) (-9216 1024 2112 ) (-9216 1024 -3072 ) 
4 87 121 (-8192 0 -3072 ) (-8192 0 2112 ) (-9216 0 2112 ) (-9216 0 -3072 ) 
4 88 91 (-2048 -1024 -3072 ) (-2048 -1024 2112 ) (-2048 0 2112 ) (-2048 0 -3072 ) 
4 88 89 (-1024 -1024 -3072 ) (-1024 -1024 2112 ) (-2048 -1024 2112 ) (-2048 -1024 -3072 ) 
4 89 94 (-2048 -2048 -3072 ) (-2048 -2048 2112 ) (-2048 -1024 2112 ) (-2048 -1024 -3072 ) 
4 89 90 (-1024 -2048 -3072 ) (-1024 -2048 2112 ) (-2048 -2048 2112 ) (-2048 -2048 -3072 ) 
4 90 100 (-1024 -3072 -3072 ) (-1024 -3072 2112 ) (-2048 -3072 2112 ) (-2048 -3072 -3072 ) 
4 90 95 (-2048 -3072 -3072 ) (-2048 -3072 2112 ) (-2048 -2048 2112 ) (-2048 -2048 -3072 ) 
4 91 94 (-2048 -1024 -3072 ) (-2048 -1024 2112 ) (-3072 -1024 2112 ) (-3072 -1024 -3072 ) 
4 91 92 (-3072 -1024 -3072 ) (-3072 -1024 2112 ) (-3072 0 2112 ) (-3072 0 -3072 ) 
4 92 96 (-3072 -1024 -3072 ) (-3072 -1024 2112 ) (-4096 -1024 2112 ) (-4096 -1024 -3072 ) 
4 92 93 (-4096 0 2112 ) (-4096 0 -3072 ) (-4096 -1024 -3072 ) (-4096 -1024 2112 ) 
4 93 112 (-5120 -1024 -3072 ) (-5120 -1024 2112 ) (-5120 0 2112 ) (-5120 0 -3072 ) 
4 93 97 (-4096 -1024 -3072 ) (-4096 -1024 2112 ) (-5120 -1024 2112 ) (-5120 -1024 -3072 ) 
4 94 96 (-3072 -1024 2112 ) (-3072 -1024 -3072 ) (-3072 -2048 -3072 ) (-3072 -2048 2112 ) 
4 94 95 (-2048 -2048 -3072 ) (-2048 -2048 2112 ) (-3072 -2048 2112 ) (-3072 -2048 -3072 ) 
4 95 103 (-2048 -3072 -3072 ) (-2048 -3072 2112 ) (-3072 -3072 2112 ) (-3072 -3072 -3072 ) 
4 95 98 (-3072 -3072 -3072 ) (-3072 -3072 2112 ) (-3072 -2048 2112 ) (-3072 -2048 -3072 ) 
4 96 98 (-3072 -2048 -3072 ) (-3072 -2048 2112 ) (-4096 -2048 2112 ) (-4096 -2048 -3072 ) 
4 96 97 (-4096 -1024 2112 ) (-4096 -1024 -3072 ) (-4096 -2048 -3072 ) (-4096 -2048 2112 ) 
4 97 115 (-5120 -2048 -3072 ) (-5120 -2048 2112 ) (-5120 -1024 2112 ) (-5120 -1024 -3072 ) 
4 97 99 (-4096 -2048 -3072 ) (-4096 -2048 2112 ) (-5120 -2048 2112 ) (-5120 -2048 -3072 ) 
4 98 104 (-3072 -3072 -3072 ) (-3072 -3072 2112 ) (-4096 -3072 2112 ) (-4096 -3072 -3072 ) 
4 98 99 (-4096 -2048 2112 ) (-4096 -2048 -3072 ) (-4096 -3072 -3072 ) (-4096 -3072 2112 ) 
4 99 116 (-5120 -3072 -3072 ) (-5120 -3072 2112 ) (-5120 -2048 2112 ) (-5120 -2048 -3072 ) 
4 99 105 (-4096 -3072 -3072 ) (-4096 -3072 2112 ) (-5120 -3072 2112 ) (-5120 -3072 -3072 ) 
4 100 103 (-2048 -3072 2112 ) (-2048 -3072 -3072 ) (-2048 -4096 -3072 ) (-2048 -4096 2112 ) 
4 100 101 (-1024 -4096 -3072 ) (-1024 -4096 2112 ) (-2048 -4096 2112 ) (-2048 -4096 -3072 ) 
4 101 106 (-2048 -5120 -3072 ) (-2048 -5120 2112 ) (-2048 -4096 2112 ) (-2048 -4096 -3072 ) 
4 101 102 (-1024 -5120 -3072 ) (-1024 -5120 2112 ) (-2048 -5120 2112 ) (-2048 -5120 -3072 ) 
4 102 136 (-1024 -6144 -3072 ) (-1024 -6144 2112 ) (-2048 -6144 2112 ) (-2048 -6144 -3072 ) 
4 102 107 (-2048 -6144 -3072 ) (-2048 -6144 2112 ) (-2048 -5120 2112 ) (-2048 -5120 -3072 ) 
4 103 106 (-2048 -4096 -3072 ) (-2048 -4096 2112 ) (-3072 -4096 2112 ) (-3072 -4096 -3072 ) 
4 103 104 (-3072 -3072 2112 ) (-3072 -3072 -3072 ) (-3072 -4096 -3072 ) (-3072 -4096 2112 ) 
4 104 108 (-3072 -4096 -3072 ) (-3072 -4096 2112 ) (-4096 -4096 2112 ) (-4096 -4096 -3072 ) 
4 104 105 (-4096 -4096 -3072 ) (-4096 -4096 2112 ) (-4096 -3072 2112 ) (-4096 -3072 -3072 ) 
4 105 124 (-5120 -4096 -3072 ) (-5120 -4096 2112 ) (-5120 -3072 2112 ) (-5120 -3072 -3072 ) 
4 105 109 (-4096 -4096 -3072 ) (-4096 -4096 2112 ) (-5120 -4096 2112 ) (-5120 -4096 -3072 ) 
4 106 108 (-3072 -4096 2112 ) (-3072 -4096 -3072 ) (-3072 -5120 -3072 ) (-3072 -5120 2112 ) 
4 106 107 (-2048 -5120 -3072 ) (-2048 -5120 2112 ) (-3072 -5120 2112 ) (-3072 -5120 -3072 ) 
4 107 139 (-2048 -6144 -3072 ) (-2048 -6144 2112 ) (-3072 -6144 2112 ) (-3072 -6144 -3072 ) 
4 107 110 (-3072 -6144 -3072 ) (-3072 -6144 2112 ) (-3072 -5120 2112 ) (-3072 -5120 -3072 ) 
4 108 110 (-3072 -5120 -3072 ) (-3072 -5120 2112 ) (-4096 -5120 2112 ) (-4096 -5120 -3072 ) 
4 108 109 (-4096 -4096 2112 ) (-4096 -4096 -3072 ) (-4096 -5120 -3072 ) (-4096 -5120 2112 ) 
4 109 127 (-5120 -5120 -3072 ) (-5120 -5120 2112 ) (-5120 -4096 2112 ) (-5120 -4096 -3072 ) 
4 109 111 (-4096 -5120 -3072 ) (-4096 -5120 2112 ) (-5120 -5120 2112 ) (-5120 -5120 -3072 ) 
4 110 140 (-3072 -6144 -3072 ) (-3072 -6144 2112 ) (-4096 -6144 2112 ) (-4096 -6144 -3072 ) 
4 110 111 (-4096 -5120 2112 ) (-4096 -5120 -3072 ) (-4096 -6144 -3072 ) (-4096 -6144 2112 ) 
4 111 141 (-4096 -6144 -3072 ) (-4096 -6144 2112 ) (-5120 -6144 2112 ) (-5120 -6144 -3072 ) 
4 111 128 (-5120 -6144 -3072 ) (-5120 -6144 2112 ) (-5120 -5120 2112 ) (-5120 -5120 -3072 ) 
4 112 115 (-5120 -1024 -3072 ) (-5120 -1024 2112 ) (-6144 -1024 2112 ) (-6144 -1024 -3072 ) 
4 112 113 (-6144 -1024 -3072 ) (-6144 -1024 2112 ) (-6144 0 2112 ) (-6144 0 -3072 ) 
4 113 117 (-6144 -1024 -3072 ) (-6144 -1024 2112 ) (-7168 -1024 2112 ) (-7168 -1024 -3072 ) 
4 113 114 (-7168 0 2112 ) (-7168 0 -3072 ) (-7168 -1024 -3072 ) (-7168 -1024 2112 ) 
4 114 121 (-8192 -1024 -3072 ) (-8192 -1024 2112 ) (-8192 0 2112 ) (-8192 0 -3072 ) 
4 114 118 (-7168 -1024 -3072 ) (-7168 -1024 2112 ) (-8192 -1024 2112 ) (-8192 -1024 -3072 ) 
4 115 117 (-6144 -1024 2112 ) (-6144 -1024 -3072 ) (-6144 -2048 -3072 ) (-6144 -2048 2112 ) 
4 115 116 (-5120 -2048 -3072 ) (-5120 -2048 2112 ) (-6144 -2048 2112 ) (-6144 -2048 -3072 ) 
4 116 124 (-5120 -3072 -3072 ) (-5120 -3072 2112 ) (-6144 -3072 2112 ) (-6144 -3072 -3072 ) 
4 116 119 (-6144 -3072 -3072 ) (-6144 -3072 2112 ) (-6144 -2048 2112 ) (-6144 -2048 -3072 ) 
4 117 119 (-6144 -2048 -3072 ) (-6144 -2048 2112 ) (-7168 -2048 2112 ) (-7168 -2048 -3072 ) 
4 117 118 (-7168 -1024 2112 ) (-7168 -1024 -3072 ) (-7168 -2048 -3072 ) (-7168 -2048 2112 ) 
4 118 122 (-8192 -2048 -3072 ) (-8192 -2048 2112 ) (-8192 -1024 2112 ) (-8192 -1024 -3072 ) 
4 118 120 (-7168 -2048 -3072 ) (-7168 -2048 2112 ) (-8192 -2048 2112 ) (-8192 -2048 -3072 ) 
4 119 125 (-6144 -3072 -3072 ) (-6144 -3072 2112 ) (-7168 -3072 2112 ) (-7168 -3072 -3072 ) 
4 119 120 (-7168 -2048 2112 ) (-7168 -2048 -3072 ) (-7168 -3072 -3072 ) (-7168 -3072 2112 ) 
4 120 126 (-7168 -3072 -3072 ) (-7168 -3072 2112 ) (-8192 -3072 2112 ) (-8192 -3072 -3072 ) 
4 120 123 (-8192 -3072 -3072 ) (-8192 -3072 2112 ) (-8192 -2048 2112 ) (-8192 -2048 -3072 ) 
4 121 122 (-8192 -1024 -3072 ) (-8192 -1024 2112 ) (-9216 -1024 2112 ) (-9216 -1024 -3072 ) 
4 122 123 (-8192 -2048 -3072 ) (-8192 -2048 2112 ) (-9216 -2048 2112 ) (-9216 -2048 -3072 ) 
4 123 133 (-8192 -3072 -3072 ) (-8192 -3072 2112 ) (-9216 -3072 2112 ) (-9216 -3072 -3072 ) 
4 124 127 (-5120 -4096 -3072 ) (-5120 -4096 2112 ) (-6144 -4096 2112 ) (-6144 -4096 -3072 ) 
4 124 125 (-6144 -3072 2112 ) (-6144 -3072 -3072 ) (-6144 -4096 -3072 ) (-6144 -4096 2112 ) 
4 125 129 (-6144 -4096 -3072 ) (-6144 -4096 2112 ) (-7168 -4096 2112 ) (-7168 -4096 -3072 ) 
4 125 126 (-7168 -4096 -3072 ) (-7168 -4096 2112 ) (-7168 -3072 2112 ) (-7168 -3072 -3072 ) 
4 126 133 (-8192 -3072 2112 ) (-8192 -3072 -3072 ) (-8192 -4096 -3072 ) (-8192 -4096 2112 ) 
4 126 130 (-7168 -4096 -3072 ) (-7168 -4096 2112 ) (-8192 -4096 2112 ) (-8192 -4096 -3072 ) 
4 127 129 (-6144 -4096 2112 ) (-6144 -4096 -3072 ) (-6144 -5120 -3072 ) (-6144 -5120 2112 ) 
4 127 128 (-5120 -5120 -3072 ) (-5120 -5120 2112 ) (-6144 -5120 2112 ) (-6144 -5120 -3072 ) 
4 128 156 (-5120 -6144 -3072 ) (-5120 -6144 2112 ) (-6144 -6144 2112 ) (-6144 -6144 -3072 ) 
4 128 131 (-6144 -6144 -3072 ) (-6144 -6144 2112 ) (-6144 -5120 2112 ) (-6144 -5120 -3072 ) 
4 129 131 (-6144 -5120 -3072 ) (-6144 -5120 2112 ) (-7168 -5120 2112 ) (-7168 -5120 -3072 ) 
4 129 130 (-7168 -4096 2112 ) (-7168 -4096 -3072 ) (-7168 -5120 -3072 ) (-7168 -5120 2112 ) 
4 130 134 (-8192 -5120 -3072 ) (-8192 -5120 2112 ) (-8192 -4096 2112 ) (-8192 -4096 -3072 ) 
4 130 132 (-7168 -5120 -3072 ) (-7168 -5120 2112 ) (-8192 -5120 2112 ) (-8192 -5120 -3072 ) 
4 131 157 (-6144 -6144 -3072 ) (-6144 -6144 2112 ) (-7168 -6144 2112 ) (-7168 -6144 -3072 ) 
4 131 132 (-7168 -5120 2112 ) (-7168 -5120 -3072 ) (-7168 -6144 -3072 ) (-7168 -6144 2112 ) 
4 132 158 (-7168 -6144 -3072 ) (-7168 -6144 2112 ) (-8192 -6144 2112 ) (-8192 -6144 -3072 ) 
4 132 135 (-8192 -6144 -3072 ) (-8192 -6144 2112 ) (-8192 -5120 2112 ) (-8192 -5120 -3072 ) 
4 133 134 (-8192 -4096 -3072 ) (-8192 -4096 2112 ) (-9216 -4096 2112 ) (-9216 -4096 -3072 ) 
4 134 135 (-8192 -5120 -3072 ) (-8192 -5120 2112 ) (-9216 -5120 2112 ) (-9216 -5120 -3072 ) 
4 135 165 (-8192 -6144 -3072 ) (-8192 -6144 2112 ) (-9216 -6144 2112 ) (-9216 -6144 -3072 ) 
4 136 139 (-2048 -6144 2112 ) (-2048 -6144 -3072 ) (-2048 -7168 -3072 ) (-2048 -7168 2112 ) 
4 136 137 (-1024 -7168 -3072 ) (-1024 -7168 2112 ) (-2048 -7168 2112 ) (-2048 -7168 -3072 ) 
4 137 142 (-2048 -8192 -3072 ) (-2048 -8192 2112 ) (-2048 -7168 2112 ) (-2048 -7168 -3072 ) 
4 137 138 (-1024 -8192 -3072 ) (-1024 -8192 2112 ) (-2048 -8192 2112 ) (-2048 -8192 -3072 ) 
4 138 148 (-1024 -9216 -3072 ) (-1024 -9216 2112 ) (-2048 -9216 2112 ) (-2048 -9216 -3072 ) 
4 138 143 (-2048 -9216 -3072 ) (-2048 -9216 2112 ) (-2048 -8192 2112 ) (-2048 -8192 -3072 ) 
4 139 142 (-2048 -7168 -3072 ) (-2048 -7168 2112 ) (-3072 -7168 2112 ) (-3072 -7168 -3072 ) 
4 139 140 (-3072 -6144 2112 ) (-3072 -6144 -3072 ) (-3072 -7168 -3072 ) (-3072 -7168 2112 ) 
4 140 144 (-3072 -7168 -3072 ) (-3072 -7168 2112 ) (-4096 -7168 2112 ) (-4096 -7168 -3072 ) 
4 140 141 (-4096 -7168 -3072 ) (-4096 -7168 2112 ) (-4096 -6144 2112 ) (-4096 -6144 -3072 ) 
4 141 156 (-5120 -6144 2112 ) (-5120 -6144 -3072 ) (-5120 -7168 -3072 ) (-5120 -7168 2112 ) 
4 141 145 (-4096 -7168 -3072 ) (-4096 -7168 2112 ) (-5120 -7168 2112 ) (-5120 -7168 -3072 ) 
4 142 144 (-3072 -7168 2112 ) (-3072 -7168 -3072 ) (-3072 -8192 -3072 ) (-3072 -8192 2112 ) 
4 142 143 (-2048 -8192 -3072 ) (-2048 -8192 2112 ) (-3072 -8192 2112 ) (-3072 -8192 -3072 ) 
4 143 150 (-2048 -9216 -3072 ) (-2048 -9216 2112 ) (-3072 -9216 2112 ) (-3072 -9216 -3072 ) 
4 143 146 (-3072 -9216 -3072 ) (-3072 -9216 2112 ) (-3072 -8192 2112 ) (-3072 -8192 -3072 ) 
4 144 146 (-3072 -8192 -3072 ) (-3072 -8192 2112 ) (-4096 -8192 2112 ) (-4096 -8192 -3072 ) 
4 144 145 (-4096 -7168 2112 ) (-4096 -7168 -3072 ) (-4096 -8192 -3072 ) (-4096 -8192 2112 ) 
4 145 159 (-5120 -8192 -3072 ) (-5120 -8192 2112 ) (-5120 -7168 2112 ) (-5120 -7168 -3072 ) 
4 145 147 (-4096 -8192 -3072 ) (-4096 -8192 2112 ) (-5120 -8192 2112 ) (-5120 -8192 -3072 ) 
4 146 151 (-3072 -9216 -3072 ) (-3072 -9216 2112 ) (-4096 -9216 2112 ) (-4096 -9216 -3072 ) 
4 146 147 (-4096 -8192 2112 ) (-4096 -8192 -3072 ) (-4096 -9216 -3072 ) (-4096 -9216 2112 ) 
4 147 160 (-5120 -9216 -3072 ) (-5120 -9216 2112 ) (-5120 -8192 2112 ) (-5120 -8192 -3072 ) 
4 147 152 (-4096 -9216 -3072 ) (-4096 -9216 2112 ) (-5120 -9216 2112 ) (-5120 -9216 -3072 ) 
4 148 150 (-2048 -9216 2112 ) (-2048 -9216 -3072 ) (-2048 -10240 -3072 ) (-2048 -10240 2112 ) 
4 148 149 (-1024 -10240 -3072 ) (-1024 -10240 2112 ) (-2048 -10240 2112 ) (-2048 -10240 -3072 ) 
4 149 153 (-2048 -10304 2112 ) (-2048 -10240 2112 ) (-2048 -10240 -3072 ) (-2048 -10304 -3072 ) 
4 150 153 (-2048 -10240 -3072 ) (-2048 -10240 2112 ) (-3072 -10240 2112 ) (-3072 -10240 -3072 ) 
4 150 151 (-3072 -9216 2112 ) (-3072 -9216 -3072 ) (-3072 -10240 -3072 ) (-3072 -10240 2112 ) 
4 151 154 (-3072 -10240 -3072 ) (-3072 -10240 2112 ) (-4096 -10240 2112 ) (-4096 -10240 -3072 ) 
4 151 152 (-4096 -10240 -3072 ) (-4096 -10240 2112 ) (-4096 -9216 2112 ) (-4096 -9216 -3072 ) 
4 152 168 (-5120 -10240 -3072 ) (-5120 -10240 2112 ) (-5120 -9216 2112 ) (-5120 -9216 -3072 ) 
4 152 155 (-4096 -10240 -3072 ) (-4096 -10240 2112 ) (-5120 -10240 2112 ) (-5120 -10240 -3072 ) 
4 153 154 (-3072 -10240 2112 ) (-3072 -10240 -3072 ) (-3072 -10304 -3072 ) (-3072 -10304 2112 ) 
4 154 155 (-4096 -10240 2112 ) (-4096 -10240 -3072 ) (-4096 -10304 -3072 ) (-4096 -10304 2112 ) 
4 155 171 (-5120 -10304 2112 ) (-5120 -10240 2112 ) (-5120 -10240 -3072 ) (-5120 -10304 -3072 ) 
4 156 159 (-5120 -7168 -3072 ) (-5120 -7168 2112 ) (-6144 -7168 2112 ) (-6144 -7168 -3072 ) 
4 156 157 (-6144 -6144 2112 ) (-6144 -6144 -3072 ) (-6144 -7168 -3072 ) (-6144 -7168 2112 ) 
4 157 161 (-6144 -7168 -3072 ) (-6144 -7168 2112 ) (-7168 -7168 2112 ) (-7168 -7168 -3072 ) 
4 157 158 (-7168 -7168 -3072 ) (-7168 -7168 2112 ) (-7168 -6144 2112 ) (-7168 -6144 -3072 ) 
4 158 165 (-8192 -6144 2112 ) (-8192 -6144 -3072 ) (-8192 -7168 -3072 ) (-8192 -7168 2112 ) 
4 158 162 (-7168 -7168 -3072 ) (-7168 -7168 2112 ) (-8192 -7168 2112 ) (-8192 -7168 -3072 ) 
4 159 161 (-6144 -7168 2112 ) (-6144 -7168 -3072 ) (-6144 -8192 -3072 ) (-6144 -8192 2112 ) 
4 159 160 (-5120 -8192 -3072 ) (-5120 -8192 2112 ) (-6144 -8192 2112 ) (-6144 -8192 -3072 ) 
4 160 168 (-5120 -9216 -3072 ) (-5120 -9216 2112 ) (-6144 -9216 2112 ) (-6144 -9216 -3072 ) 
4 160 163 (-6144 -9216 -3072 ) (-6144 -9216 2112 ) (-6144 -8192 2112 ) (-6144 -8192 -3072 ) 
4 161 163 (-6144 -8192 -3072 ) (-6144 -8192 2112 ) (-7168 -8192 2112 ) (-7168 -8192 -3072 ) 
4 161 162 (-7168 -7168 2112 ) (-7168 -7168 -3072 ) (-7168 -8192 -3072 ) (-7168 -8192 2112 ) 
4 162 166 (-8192 -8192 -3072 ) (-8192 -8192 2112 ) (-8192 -7168 2112 ) (-8192 -7168 -3072 ) 
4 162 164 (-7168 -8192 -3072 ) (-7168 -8192 2112 ) (-8192 -8192 2112 ) (-8192 -8192 -3072 ) 
4 163 169 (-6144 -9216 -3072 ) (-6144 -9216 2112 ) (-7168 -9216 2112 ) (-7168 -9216 -3072 ) 
4 163 164 (-7168 -8192 2112 ) (-7168 -8192 -3072 ) (-7168 -9216 -3072 ) (-7168 -9216 2112 ) 
4 164 170 (-7168 -9216 -3072 ) (-7168 -9216 2112 ) (-8192 -9216 2112 ) (-8192 -9216 -3072 ) 
4 164 167 (-8192 -9216 -3072 ) (-8192 -9216 2112 ) (-8192 -8192 2112 ) (-8192 -8192 -3072 ) 
4 165 166 (-8192 -7168 -3072 ) (-8192 -7168 2112 ) (-9216 -7168 2112 ) (-9216 -7168 -3072 ) 
4 166 167 (-8192 -8192 -3072 ) (-8192 -8192 2112 ) (-9216 -8192 2112 ) (-9216 -8192 -3072 ) 
4 167 174 (-8192 -9216 -3072 ) (-8192 -9216 2112 ) (-9216 -9216 2112 ) (-9216 -9216 -3072 ) 
4 168 171 (-5120 -10240 -3072 ) (-5120 -10240 2112 ) (-6144 -10240 2112 ) (-6144 -10240 -3072 ) 
4 168 169 (-6144 -9216 2112 ) (-6144 -9216 -3072 ) (-6144 -10240 -3072 ) (-6144 -10240 2112 ) 
4 169 172 (-6144 -10240 -3072 ) (-6144 -10240 2112 ) (-7168 -10240 2112 ) (-7168 -10240 -3072 ) 
4 169 170 (-7168 -10240 -3072 ) (-7168 -10240 2112 ) (-7168 -9216 2112 ) (-7168 -9216 -3072 ) 
4 170 174 (-8192 -9216 2112 ) (-8192 -9216 -3072 ) (-8192 -10240 -3072 ) (-8192 -10240 2112 ) 
4 170 173 (-7168 -10240 -3072 ) (-7168 -10240 2112 ) (-8192 -10240 2112 ) (-8192 -10240 -3072 ) 
4 171 172 (-6144 -10240 2112 ) (-6144 -10240 -3072 ) (-6144 -10304 -3072 ) (-6144 -10304 2112 ) 
4 172 173 (-7168 -10240 2112 ) (-7168 -10240 -3072 ) (-7168 -10304 -3072 ) (-7168 -10304 2112 ) 
4 173 175 (-8192 -10304 2112 ) (-8192 -10240 2112 ) (-8192 -10240 -3072 ) (-8192 -10304 -3072 ) 
4 174 175 (-8192 -10240 -3072 ) (-8192 -10240 2112 ) (-9216 -10240 2112 ) (-9216 -10240 -3072 ) 
